{"/Users/tarangsachedev/Desktop/tarang/techholding/node-js-challange/app/index.js": {"path":"/Users/tarangsachedev/Desktop/tarang/techholding/node-js-challange/app/index.js","statementMap":{"0":{"start":{"line":1,"column":16},"end":{"line":1,"column":34}},"1":{"start":{"line":2,"column":0},"end":{"line":2,"column":25}},"2":{"start":{"line":3,"column":15},"end":{"line":3,"column":32}},"3":{"start":{"line":5,"column":20},"end":{"line":5,"column":46}},"4":{"start":{"line":7,"column":12},"end":{"line":7,"column":21}},"5":{"start":{"line":9,"column":0},"end":{"line":9,"column":23}},"6":{"start":{"line":10,"column":0},"end":{"line":10,"column":24}},"7":{"start":{"line":11,"column":0},"end":{"line":11,"column":48}},"8":{"start":{"line":13,"column":0},"end":{"line":13,"column":31}},"9":{"start":{"line":16,"column":0},"end":{"line":24,"column":3}},"10":{"start":{"line":18,"column":2},"end":{"line":18,"column":35}},"11":{"start":{"line":19,"column":2},"end":{"line":19,"column":69}},"12":{"start":{"line":22,"column":2},"end":{"line":22,"column":32}},"13":{"start":{"line":23,"column":2},"end":{"line":23,"column":22}},"14":{"start":{"line":26,"column":0},"end":{"line":26,"column":21}}},"fnMap":{"0":{"name":"(anonymous_0)","decl":{"start":{"line":16,"column":8},"end":{"line":16,"column":9}},"loc":{"start":{"line":16,"column":39},"end":{"line":24,"column":1}},"line":16}},"branchMap":{"0":{"loc":{"start":{"line":19,"column":21},"end":{"line":19,"column":68}},"type":"cond-expr","locations":[{"start":{"line":19,"column":60},"end":{"line":19,"column":63}},{"start":{"line":19,"column":66},"end":{"line":19,"column":68}}],"line":19},"1":{"loc":{"start":{"line":22,"column":13},"end":{"line":22,"column":30}},"type":"binary-expr","locations":[{"start":{"line":22,"column":13},"end":{"line":22,"column":23}},{"start":{"line":22,"column":27},"end":{"line":22,"column":30}}],"line":22}},"s":{"0":1,"1":1,"2":1,"3":1,"4":1,"5":1,"6":1,"7":1,"8":1,"9":1,"10":0,"11":0,"12":0,"13":0,"14":1},"f":{"0":0},"b":{"0":[0,0],"1":[0,0]},"_coverageSchema":"332fd63041d2c1bcb487cc26dd0d5f7d97098a6c","hash":"68ecb34ce37f1bad0de7625ae0dbc964642489c2"}
,"/Users/tarangsachedev/Desktop/tarang/techholding/node-js-challange/app/math.js": {"path":"/Users/tarangsachedev/Desktop/tarang/techholding/node-js-challange/app/math.js","statementMap":{"0":{"start":{"line":1,"column":21},"end":{"line":1,"column":79}},"1":{"start":{"line":1,"column":51},"end":{"line":1,"column":79}},"2":{"start":{"line":3,"column":28},"end":{"line":5,"column":1}},"3":{"start":{"line":4,"column":2},"end":{"line":4,"column":27}},"4":{"start":{"line":7,"column":28},"end":{"line":9,"column":1}},"5":{"start":{"line":8,"column":2},"end":{"line":8,"column":27}},"6":{"start":{"line":19,"column":0},"end":{"line":23,"column":2}}},"fnMap":{"0":{"name":"(anonymous_0)","decl":{"start":{"line":1,"column":21},"end":{"line":1,"column":22}},"loc":{"start":{"line":1,"column":51},"end":{"line":1,"column":79}},"line":1},"1":{"name":"(anonymous_1)","decl":{"start":{"line":3,"column":28},"end":{"line":3,"column":29}},"loc":{"start":{"line":3,"column":38},"end":{"line":5,"column":1}},"line":3},"2":{"name":"(anonymous_2)","decl":{"start":{"line":7,"column":28},"end":{"line":7,"column":29}},"loc":{"start":{"line":7,"column":38},"end":{"line":9,"column":1}},"line":7}},"branchMap":{"0":{"loc":{"start":{"line":1,"column":29},"end":{"line":1,"column":46}},"type":"default-arg","locations":[{"start":{"line":1,"column":42},"end":{"line":1,"column":46}}],"line":1}},"s":{"0":1,"1":2,"2":1,"3":1,"4":1,"5":1,"6":1},"f":{"0":2,"1":1,"2":1},"b":{"0":[1]},"_coverageSchema":"332fd63041d2c1bcb487cc26dd0d5f7d97098a6c","hash":"b6b1229bd2e63ad929a0464a46a82d6dccdc36ff"}
,"/Users/tarangsachedev/Desktop/tarang/techholding/node-js-challange/app/controllers/users.js": {"path":"/Users/tarangsachedev/Desktop/tarang/techholding/node-js-challange/app/controllers/users.js","statementMap":{"0":{"start":{"line":1,"column":13},"end":{"line":1,"column":39}},"1":{"start":{"line":2,"column":25},"end":{"line":2,"column":63}},"2":{"start":{"line":3,"column":30},"end":{"line":3,"column":58}},"3":{"start":{"line":4,"column":17},"end":{"line":4,"column":36}},"4":{"start":{"line":5,"column":28},"end":{"line":5,"column":68}},"5":{"start":{"line":7,"column":23},"end":{"line":157,"column":1}},"6":{"start":{"line":11,"column":16},"end":{"line":11,"column":30}},"7":{"start":{"line":12,"column":17},"end":{"line":12,"column":25}},"8":{"start":{"line":14,"column":19},"end":{"line":21,"column":6}},"9":{"start":{"line":23,"column":4},"end":{"line":30,"column":5}},"10":{"start":{"line":24,"column":6},"end":{"line":29,"column":9}},"11":{"start":{"line":32,"column":4},"end":{"line":46,"column":5}},"12":{"start":{"line":37,"column":6},"end":{"line":37,"column":39}},"13":{"start":{"line":38,"column":19},"end":{"line":38,"column":55}},"14":{"start":{"line":39,"column":6},"end":{"line":39,"column":33}},"15":{"start":{"line":41,"column":6},"end":{"line":45,"column":9}},"16":{"start":{"line":50,"column":4},"end":{"line":56,"column":5}},"17":{"start":{"line":51,"column":20},"end":{"line":51,"column":39}},"18":{"start":{"line":53,"column":6},"end":{"line":53,"column":34}},"19":{"start":{"line":55,"column":6},"end":{"line":55,"column":34}},"20":{"start":{"line":60,"column":20},"end":{"line":60,"column":41}},"21":{"start":{"line":61,"column":25},"end":{"line":61,"column":66}},"22":{"start":{"line":62,"column":29},"end":{"line":64,"column":5}},"23":{"start":{"line":63,"column":6},"end":{"line":63,"column":35}},"24":{"start":{"line":66,"column":4},"end":{"line":68,"column":5}},"25":{"start":{"line":67,"column":6},"end":{"line":67,"column":67}},"26":{"start":{"line":69,"column":16},"end":{"line":69,"column":29}},"27":{"start":{"line":70,"column":4},"end":{"line":82,"column":5}},"28":{"start":{"line":71,"column":19},"end":{"line":74,"column":8}},"29":{"start":{"line":75,"column":6},"end":{"line":77,"column":7}},"30":{"start":{"line":76,"column":8},"end":{"line":76,"column":38}},"31":{"start":{"line":78,"column":6},"end":{"line":78,"column":21}},"32":{"start":{"line":80,"column":6},"end":{"line":80,"column":34}},"33":{"start":{"line":86,"column":18},"end":{"line":86,"column":32}},"34":{"start":{"line":87,"column":4},"end":{"line":124,"column":5}},"35":{"start":{"line":89,"column":24},"end":{"line":89,"column":53}},"36":{"start":{"line":90,"column":19},"end":{"line":90,"column":37}},"37":{"start":{"line":93,"column":6},"end":{"line":95,"column":7}},"38":{"start":{"line":94,"column":8},"end":{"line":94,"column":26}},"39":{"start":{"line":98,"column":24},"end":{"line":98,"column":53}},"40":{"start":{"line":99,"column":32},"end":{"line":99,"column":42}},"41":{"start":{"line":100,"column":26},"end":{"line":100,"column":36}},"42":{"start":{"line":102,"column":6},"end":{"line":102,"column":65}},"43":{"start":{"line":104,"column":21},"end":{"line":104,"column":57}},"44":{"start":{"line":106,"column":31},"end":{"line":111,"column":8}},"45":{"start":{"line":113,"column":6},"end":{"line":113,"column":58}},"46":{"start":{"line":115,"column":6},"end":{"line":115,"column":36}},"47":{"start":{"line":118,"column":6},"end":{"line":118,"column":42}},"48":{"start":{"line":120,"column":6},"end":{"line":120,"column":49}},"49":{"start":{"line":122,"column":6},"end":{"line":122,"column":25}},"50":{"start":{"line":123,"column":6},"end":{"line":123,"column":34}},"51":{"start":{"line":128,"column":18},"end":{"line":128,"column":39}},"52":{"start":{"line":129,"column":22},"end":{"line":129,"column":47}},"53":{"start":{"line":131,"column":4},"end":{"line":131,"column":23}},"54":{"start":{"line":132,"column":4},"end":{"line":155,"column":5}},"55":{"start":{"line":134,"column":6},"end":{"line":134,"column":25}},"56":{"start":{"line":135,"column":19},"end":{"line":135,"column":48}},"57":{"start":{"line":136,"column":6},"end":{"line":138,"column":7}},"58":{"start":{"line":137,"column":8},"end":{"line":137,"column":65}},"59":{"start":{"line":140,"column":31},"end":{"line":140,"column":76}},"60":{"start":{"line":141,"column":6},"end":{"line":143,"column":7}},"61":{"start":{"line":142,"column":8},"end":{"line":142,"column":80}},"62":{"start":{"line":145,"column":30},"end":{"line":145,"column":40}},"63":{"start":{"line":147,"column":6},"end":{"line":147,"column":78}},"64":{"start":{"line":148,"column":6},"end":{"line":150,"column":7}},"65":{"start":{"line":149,"column":8},"end":{"line":149,"column":78}},"66":{"start":{"line":151,"column":6},"end":{"line":151,"column":47}},"67":{"start":{"line":153,"column":6},"end":{"line":153,"column":25}},"68":{"start":{"line":154,"column":6},"end":{"line":154,"column":53}},"69":{"start":{"line":159,"column":0},"end":{"line":159,"column":32}}},"fnMap":{"0":{"name":"(anonymous_0)","decl":{"start":{"line":8,"column":14},"end":{"line":8,"column":15}},"loc":{"start":{"line":8,"column":34},"end":{"line":47,"column":3}},"line":8},"1":{"name":"(anonymous_1)","decl":{"start":{"line":49,"column":13},"end":{"line":49,"column":14}},"loc":{"start":{"line":49,"column":33},"end":{"line":57,"column":3}},"line":49},"2":{"name":"(anonymous_2)","decl":{"start":{"line":59,"column":14},"end":{"line":59,"column":15}},"loc":{"start":{"line":59,"column":34},"end":{"line":83,"column":3}},"line":59},"3":{"name":"(anonymous_3)","decl":{"start":{"line":62,"column":43},"end":{"line":62,"column":44}},"loc":{"start":{"line":63,"column":6},"end":{"line":63,"column":35}},"line":63},"4":{"name":"(anonymous_4)","decl":{"start":{"line":85,"column":9},"end":{"line":85,"column":10}},"loc":{"start":{"line":85,"column":29},"end":{"line":125,"column":3}},"line":85},"5":{"name":"(anonymous_5)","decl":{"start":{"line":127,"column":13},"end":{"line":127,"column":14}},"loc":{"start":{"line":127,"column":33},"end":{"line":156,"column":3}},"line":127}},"branchMap":{"0":{"loc":{"start":{"line":23,"column":4},"end":{"line":30,"column":5}},"type":"if","locations":[{"start":{"line":23,"column":4},"end":{"line":30,"column":5}},{"start":{"line":23,"column":4},"end":{"line":30,"column":5}}],"line":23},"1":{"loc":{"start":{"line":66,"column":4},"end":{"line":68,"column":5}},"type":"if","locations":[{"start":{"line":66,"column":4},"end":{"line":68,"column":5}},{"start":{"line":66,"column":4},"end":{"line":68,"column":5}}],"line":66},"2":{"loc":{"start":{"line":75,"column":6},"end":{"line":77,"column":7}},"type":"if","locations":[{"start":{"line":75,"column":6},"end":{"line":77,"column":7}},{"start":{"line":75,"column":6},"end":{"line":77,"column":7}}],"line":75},"3":{"loc":{"start":{"line":93,"column":6},"end":{"line":95,"column":7}},"type":"if","locations":[{"start":{"line":93,"column":6},"end":{"line":95,"column":7}},{"start":{"line":93,"column":6},"end":{"line":95,"column":7}}],"line":93},"4":{"loc":{"start":{"line":104,"column":21},"end":{"line":104,"column":57}},"type":"cond-expr","locations":[{"start":{"line":104,"column":33},"end":{"line":104,"column":46}},{"start":{"line":104,"column":49},"end":{"line":104,"column":57}}],"line":104},"5":{"loc":{"start":{"line":128,"column":18},"end":{"line":128,"column":39}},"type":"binary-expr","locations":[{"start":{"line":128,"column":18},"end":{"line":128,"column":33}},{"start":{"line":128,"column":37},"end":{"line":128,"column":39}}],"line":128},"6":{"loc":{"start":{"line":129,"column":22},"end":{"line":129,"column":47}},"type":"binary-expr","locations":[{"start":{"line":129,"column":22},"end":{"line":129,"column":41}},{"start":{"line":129,"column":45},"end":{"line":129,"column":47}}],"line":129},"7":{"loc":{"start":{"line":136,"column":6},"end":{"line":138,"column":7}},"type":"if","locations":[{"start":{"line":136,"column":6},"end":{"line":138,"column":7}},{"start":{"line":136,"column":6},"end":{"line":138,"column":7}}],"line":136},"8":{"loc":{"start":{"line":141,"column":6},"end":{"line":143,"column":7}},"type":"if","locations":[{"start":{"line":141,"column":6},"end":{"line":143,"column":7}},{"start":{"line":141,"column":6},"end":{"line":143,"column":7}}],"line":141},"9":{"loc":{"start":{"line":148,"column":6},"end":{"line":150,"column":7}},"type":"if","locations":[{"start":{"line":148,"column":6},"end":{"line":150,"column":7}},{"start":{"line":148,"column":6},"end":{"line":150,"column":7}}],"line":148}},"s":{"0":1,"1":1,"2":1,"3":1,"4":1,"5":1,"6":1,"7":1,"8":1,"9":1,"10":0,"11":1,"12":1,"13":1,"14":1,"15":0,"16":0,"17":0,"18":0,"19":0,"20":0,"21":0,"22":0,"23":0,"24":0,"25":0,"26":0,"27":0,"28":0,"29":0,"30":0,"31":0,"32":0,"33":2,"34":2,"35":2,"36":2,"37":2,"38":2,"39":2,"40":2,"41":2,"42":2,"43":2,"44":2,"45":2,"46":2,"47":2,"48":2,"49":0,"50":0,"51":0,"52":0,"53":0,"54":0,"55":0,"56":0,"57":0,"58":0,"59":0,"60":0,"61":0,"62":0,"63":0,"64":0,"65":0,"66":0,"67":0,"68":0,"69":1},"f":{"0":1,"1":0,"2":0,"3":0,"4":2,"5":0},"b":{"0":[0,1],"1":[0,0],"2":[0,0],"3":[2,0],"4":[0,2],"5":[0,0],"6":[0,0],"7":[0,0],"8":[0,0],"9":[0,0]},"_coverageSchema":"332fd63041d2c1bcb487cc26dd0d5f7d97098a6c","hash":"ad0ae4a5f4ecbfd96eb6d048df161ca513656fec"}
,"/Users/tarangsachedev/Desktop/tarang/techholding/node-js-challange/app/db/mongoose.js": {"path":"/Users/tarangsachedev/Desktop/tarang/techholding/node-js-challange/app/db/mongoose.js","statementMap":{"0":{"start":{"line":1,"column":17},"end":{"line":1,"column":36}},"1":{"start":{"line":3,"column":0},"end":{"line":9,"column":3}},"2":{"start":{"line":11,"column":0},"end":{"line":11,"column":37}}},"fnMap":{},"branchMap":{},"s":{"0":1,"1":1,"2":1},"f":{},"b":{},"_coverageSchema":"332fd63041d2c1bcb487cc26dd0d5f7d97098a6c","hash":"e8123b54b8ee45913262f334e20318a2f2be61e2"}
,"/Users/tarangsachedev/Desktop/tarang/techholding/node-js-challange/app/emails/account.js": {"path":"/Users/tarangsachedev/Desktop/tarang/techholding/node-js-challange/app/emails/account.js","statementMap":{"0":{"start":{"line":1,"column":15},"end":{"line":1,"column":40}},"1":{"start":{"line":3,"column":0},"end":{"line":3,"column":47}},"2":{"start":{"line":5,"column":25},"end":{"line":15,"column":1}},"3":{"start":{"line":6,"column":2},"end":{"line":14,"column":5}},"4":{"start":{"line":17,"column":26},"end":{"line":30,"column":1}},"5":{"start":{"line":18,"column":2},"end":{"line":29,"column":5}},"6":{"start":{"line":32,"column":0},"end":{"line":35,"column":2}}},"fnMap":{"0":{"name":"(anonymous_0)","decl":{"start":{"line":5,"column":25},"end":{"line":5,"column":26}},"loc":{"start":{"line":5,"column":47},"end":{"line":15,"column":1}},"line":5},"1":{"name":"(anonymous_1)","decl":{"start":{"line":17,"column":26},"end":{"line":17,"column":27}},"loc":{"start":{"line":17,"column":48},"end":{"line":30,"column":1}},"line":17}},"branchMap":{},"s":{"0":1,"1":1,"2":1,"3":1,"4":1,"5":2,"6":1},"f":{"0":1,"1":2},"b":{},"_coverageSchema":"332fd63041d2c1bcb487cc26dd0d5f7d97098a6c","hash":"06a20e6a0f2ca9407c83904f30ecb60c53b795f0"}
,"/Users/tarangsachedev/Desktop/tarang/techholding/node-js-challange/app/models/user-verification.js": {"path":"/Users/tarangsachedev/Desktop/tarang/techholding/node-js-challange/app/models/user-verification.js","statementMap":{"0":{"start":{"line":1,"column":17},"end":{"line":1,"column":36}},"1":{"start":{"line":3,"column":31},"end":{"line":20,"column":2}},"2":{"start":{"line":22,"column":13},"end":{"line":22,"column":71}},"3":{"start":{"line":24,"column":0},"end":{"line":24,"column":22}}},"fnMap":{},"branchMap":{},"s":{"0":1,"1":1,"2":1,"3":1},"f":{},"b":{},"_coverageSchema":"332fd63041d2c1bcb487cc26dd0d5f7d97098a6c","hash":"a54432a93ce011672e74b0722c1adb00a5a2f24b"}
,"/Users/tarangsachedev/Desktop/tarang/techholding/node-js-challange/app/models/users.js": {"path":"/Users/tarangsachedev/Desktop/tarang/techholding/node-js-challange/app/models/users.js","statementMap":{"0":{"start":{"line":1,"column":17},"end":{"line":1,"column":36}},"1":{"start":{"line":2,"column":18},"end":{"line":2,"column":38}},"2":{"start":{"line":4,"column":19},"end":{"line":28,"column":2}},"3":{"start":{"line":20,"column":6},"end":{"line":22,"column":7}},"4":{"start":{"line":21,"column":8},"end":{"line":21,"column":44}},"5":{"start":{"line":30,"column":13},"end":{"line":30,"column":47}},"6":{"start":{"line":32,"column":0},"end":{"line":32,"column":22}}},"fnMap":{},"branchMap":{"0":{"loc":{"start":{"line":20,"column":6},"end":{"line":22,"column":7}},"type":"if","locations":[{"start":{"line":20,"column":6},"end":{"line":22,"column":7}},{"start":{"line":20,"column":6},"end":{"line":22,"column":7}}],"line":20}},"s":{"0":1,"1":1,"2":1,"3":6,"4":0,"5":1,"6":1},"f":{},"b":{"0":[0,6]},"_coverageSchema":"332fd63041d2c1bcb487cc26dd0d5f7d97098a6c","hash":"90ffca2584e7724d6f22b33d332b8e36718fc8f8"}
,"/Users/tarangsachedev/Desktop/tarang/techholding/node-js-challange/app/routers/users.js": {"path":"/Users/tarangsachedev/Desktop/tarang/techholding/node-js-challange/app/routers/users.js","statementMap":{"0":{"start":{"line":1,"column":16},"end":{"line":1,"column":34}},"1":{"start":{"line":2,"column":15},"end":{"line":2,"column":35}},"2":{"start":{"line":3,"column":23},"end":{"line":3,"column":54}},"3":{"start":{"line":5,"column":0},"end":{"line":5,"column":54}},"4":{"start":{"line":7,"column":0},"end":{"line":7,"column":51}},"5":{"start":{"line":9,"column":0},"end":{"line":9,"column":51}},"6":{"start":{"line":11,"column":0},"end":{"line":11,"column":44}},"7":{"start":{"line":13,"column":0},"end":{"line":13,"column":59}},"8":{"start":{"line":15,"column":0},"end":{"line":15,"column":24}}},"fnMap":{},"branchMap":{},"s":{"0":1,"1":1,"2":1,"3":1,"4":1,"5":1,"6":1,"7":1,"8":1},"f":{},"b":{},"_coverageSchema":"332fd63041d2c1bcb487cc26dd0d5f7d97098a6c","hash":"452bf313e33df821c5169116149d58c63da87b0b"}
,"/Users/tarangsachedev/Desktop/tarang/techholding/node-js-challange/app/services/createUserService.js": {"path":"/Users/tarangsachedev/Desktop/tarang/techholding/node-js-challange/app/services/createUserService.js","statementMap":{"0":{"start":{"line":1,"column":29},"end":{"line":1,"column":57}},"1":{"start":{"line":2,"column":13},"end":{"line":2,"column":39}},"2":{"start":{"line":6,"column":48},"end":{"line":6,"column":58}},"3":{"start":{"line":7,"column":17},"end":{"line":7,"column":62}},"4":{"start":{"line":8,"column":4},"end":{"line":8,"column":22}},"5":{"start":{"line":9,"column":4},"end":{"line":9,"column":49}},"6":{"start":{"line":10,"column":4},"end":{"line":10,"column":16}},"7":{"start":{"line":14,"column":0},"end":{"line":14,"column":37}}},"fnMap":{"0":{"name":"(anonymous_0)","decl":{"start":{"line":5,"column":2},"end":{"line":5,"column":3}},"loc":{"start":{"line":5,"column":33},"end":{"line":11,"column":3}},"line":5}},"branchMap":{},"s":{"0":1,"1":1,"2":1,"3":1,"4":1,"5":1,"6":1,"7":1},"f":{"0":1},"b":{},"_coverageSchema":"332fd63041d2c1bcb487cc26dd0d5f7d97098a6c","hash":"b02199fa6ddad47fbc512910515c05a29c3f71ed"}
}
