TN:
SF:/Users/tarangsachedev/Desktop/tarang/techholding/node-js-challange/app/index.js
FN:16,(anonymous_0)
FNF:1
FNH:0
FNDA:0,(anonymous_0)
DA:1,1
DA:2,1
DA:3,1
DA:5,1
DA:7,1
DA:9,1
DA:10,1
DA:11,1
DA:13,1
DA:16,1
DA:18,0
DA:19,0
DA:22,0
DA:23,0
DA:26,1
LF:15
LH:11
BRDA:19,0,0,0
BRDA:19,0,1,0
BRDA:22,1,0,0
BRDA:22,1,1,0
BRF:4
BRH:0
end_of_record
TN:
SF:/Users/tarangsachedev/Desktop/tarang/techholding/node-js-challange/app/math.js
FN:1,(anonymous_0)
FN:3,(anonymous_1)
FN:7,(anonymous_2)
FNF:3
FNH:3
FNDA:2,(anonymous_0)
FNDA:1,(anonymous_1)
FNDA:1,(anonymous_2)
DA:1,2
DA:3,1
DA:4,1
DA:7,1
DA:8,1
DA:19,1
LF:6
LH:6
BRDA:1,0,0,1
BRF:1
BRH:1
end_of_record
TN:
SF:/Users/tarangsachedev/Desktop/tarang/techholding/node-js-challange/app/controllers/users.js
FN:8,(anonymous_0)
FN:49,(anonymous_1)
FN:59,(anonymous_2)
FN:62,(anonymous_3)
FN:85,(anonymous_4)
FN:127,(anonymous_5)
FNF:6
FNH:2
FNDA:1,(anonymous_0)
FNDA:0,(anonymous_1)
FNDA:0,(anonymous_2)
FNDA:0,(anonymous_3)
FNDA:2,(anonymous_4)
FNDA:0,(anonymous_5)
DA:1,1
DA:2,1
DA:3,1
DA:4,1
DA:5,1
DA:7,1
DA:11,1
DA:12,1
DA:14,1
DA:23,1
DA:24,0
DA:32,1
DA:37,1
DA:38,1
DA:39,1
DA:41,0
DA:50,0
DA:51,0
DA:53,0
DA:55,0
DA:60,0
DA:61,0
DA:62,0
DA:63,0
DA:66,0
DA:67,0
DA:69,0
DA:70,0
DA:71,0
DA:75,0
DA:76,0
DA:78,0
DA:80,0
DA:86,2
DA:87,2
DA:89,2
DA:90,2
DA:93,2
DA:94,2
DA:98,2
DA:99,2
DA:100,2
DA:102,2
DA:104,2
DA:106,2
DA:113,2
DA:115,2
DA:118,2
DA:120,2
DA:122,0
DA:123,0
DA:128,0
DA:129,0
DA:131,0
DA:132,0
DA:134,0
DA:135,0
DA:136,0
DA:137,0
DA:140,0
DA:141,0
DA:142,0
DA:145,0
DA:147,0
DA:148,0
DA:149,0
DA:151,0
DA:153,0
DA:154,0
DA:159,1
LF:70
LH:31
BRDA:23,0,0,0
BRDA:23,0,1,1
BRDA:66,1,0,0
BRDA:66,1,1,0
BRDA:75,2,0,0
BRDA:75,2,1,0
BRDA:93,3,0,2
BRDA:93,3,1,0
BRDA:104,4,0,0
BRDA:104,4,1,2
BRDA:128,5,0,0
BRDA:128,5,1,0
BRDA:129,6,0,0
BRDA:129,6,1,0
BRDA:136,7,0,0
BRDA:136,7,1,0
BRDA:141,8,0,0
BRDA:141,8,1,0
BRDA:148,9,0,0
BRDA:148,9,1,0
BRF:20
BRH:3
end_of_record
TN:
SF:/Users/tarangsachedev/Desktop/tarang/techholding/node-js-challange/app/db/mongoose.js
FNF:0
FNH:0
DA:1,1
DA:3,1
DA:11,1
LF:3
LH:3
BRF:0
BRH:0
end_of_record
TN:
SF:/Users/tarangsachedev/Desktop/tarang/techholding/node-js-challange/app/emails/account.js
FN:5,(anonymous_0)
FN:17,(anonymous_1)
FNF:2
FNH:2
FNDA:1,(anonymous_0)
FNDA:2,(anonymous_1)
DA:1,1
DA:3,1
DA:5,1
DA:6,1
DA:17,1
DA:18,2
DA:32,1
LF:7
LH:7
BRF:0
BRH:0
end_of_record
TN:
SF:/Users/tarangsachedev/Desktop/tarang/techholding/node-js-challange/app/models/user-verification.js
FNF:0
FNH:0
DA:1,1
DA:3,1
DA:22,1
DA:24,1
LF:4
LH:4
BRF:0
BRH:0
end_of_record
TN:
SF:/Users/tarangsachedev/Desktop/tarang/techholding/node-js-challange/app/models/users.js
FNF:0
FNH:0
DA:1,1
DA:2,1
DA:4,1
DA:20,6
DA:21,0
DA:30,1
DA:32,1
LF:7
LH:6
BRDA:20,0,0,0
BRDA:20,0,1,6
BRF:2
BRH:1
end_of_record
TN:
SF:/Users/tarangsachedev/Desktop/tarang/techholding/node-js-challange/app/routers/users.js
FNF:0
FNH:0
DA:1,1
DA:2,1
DA:3,1
DA:5,1
DA:7,1
DA:9,1
DA:11,1
DA:13,1
DA:15,1
LF:9
LH:9
BRF:0
BRH:0
end_of_record
TN:
SF:/Users/tarangsachedev/Desktop/tarang/techholding/node-js-challange/app/services/createUserService.js
FN:5,(anonymous_0)
FNF:1
FNH:1
FNDA:1,(anonymous_0)
DA:1,1
DA:2,1
DA:6,1
DA:7,1
DA:8,1
DA:9,1
DA:10,1
DA:14,1
LF:8
LH:8
BRF:0
BRH:0
end_of_record
